[1028/153724.167:ERROR:directory_reader_win.cc(43)] FindFirstFile: O sistema não conseguiu localizar o caminho especificado. (0x3)
[1028/155719.958:ERROR:process_reader_win.cc(123)] NtOpenThread: {Acesso negado} Um processo pediu acesso a um objeto, mas não lhe foram concedidos permissões de acesso. (0xc0000022)
[1028/155719.959:ERROR:exception_snapshot_win.cc(99)] thread ID 17696 not found in process
[1028/155720.002:ERROR:process_reader_win.cc(123)] NtOpenThread: {Acesso negado} Um processo pediu acesso a um objeto, mas não lhe foram concedidos permissões de acesso. (0xc0000022)
[1028/155720.002:ERROR:exception_snapshot_win.cc(99)] thread ID 26560 not found in process
[1028/161538.430:ERROR:process_reader_win.cc(123)] NtOpenThread: {Acesso negado} Um processo pediu acesso a um objeto, mas não lhe foram concedidos permissões de acesso. (0xc0000022)
[1028/161538.442:ERROR:exception_snapshot_win.cc(99)] thread ID 29540 not found in process
[1028/161538.482:ERROR:process_reader_win.cc(123)] NtOpenThread: {Acesso negado} Um processo pediu acesso a um objeto, mas não lhe foram concedidos permissões de acesso. (0xc0000022)
[1028/161538.482:ERROR:exception_snapshot_win.cc(99)] thread ID 22920 not found in process
[1028/163424.666:ERROR:directory_reader_win.cc(43)] FindFirstFile: O sistema não conseguiu localizar o caminho especificado. (0x3)
[1028/172206.415:ERROR:process_reader_win.cc(123)] NtOpenThread: {Acesso negado} Um processo pediu acesso a um objeto, mas não lhe foram concedidos permissões de acesso. (0xc0000022)
[1028/172206.417:ERROR:exception_snapshot_win.cc(99)] thread ID 11316 not found in process
[1028/172206.461:ERROR:process_reader_win.cc(123)] NtOpenThread: {Acesso negado} Um processo pediu acesso a um objeto, mas não lhe foram concedidos permissões de acesso. (0xc0000022)
[1028/172206.461:ERROR:exception_snapshot_win.cc(99)] thread ID 7040 not found in process
[1028/172208.328:ERROR:process_reader_win.cc(123)] NtOpenThread: {Acesso negado} Um processo pediu acesso a um objeto, mas não lhe foram concedidos permissões de acesso. (0xc0000022)
[1028/172208.328:ERROR:exception_snapshot_win.cc(99)] thread ID 15832 not found in process
[1028/172208.371:ERROR:process_reader_win.cc(123)] NtOpenThread: {Acesso negado} Um processo pediu acesso a um objeto, mas não lhe foram concedidos permissões de acesso. (0xc0000022)
[1028/172208.371:ERROR:exception_snapshot_win.cc(99)] thread ID 2252 not found in process
[1028/172707.234:ERROR:process_reader_win.cc(123)] NtOpenThread: {Acesso negado} Um processo pediu acesso a um objeto, mas não lhe foram concedidos permissões de acesso. (0xc0000022)
[1028/172707.234:ERROR:exception_snapshot_win.cc(99)] thread ID 9972 not found in process
[1028/172707.281:ERROR:process_reader_win.cc(123)] NtOpenThread: {Acesso negado} Um processo pediu acesso a um objeto, mas não lhe foram concedidos permissões de acesso. (0xc0000022)
[1028/172707.281:ERROR:exception_snapshot_win.cc(99)] thread ID 3372 not found in process
[1028/174154.942:ERROR:process_reader_win.cc(123)] NtOpenThread: {Acesso negado} Um processo pediu acesso a um objeto, mas não lhe foram concedidos permissões de acesso. (0xc0000022)
[1028/174154.943:ERROR:exception_snapshot_win.cc(99)] thread ID 4100 not found in process
[1028/174155.003:ERROR:process_reader_win.cc(123)] NtOpenThread: {Acesso negado} Um processo pediu acesso a um objeto, mas não lhe foram concedidos permissões de acesso. (0xc0000022)
[1028/174155.004:ERROR:exception_snapshot_win.cc(99)] thread ID 10120 not found in process
[1028/193550.752:ERROR:process_reader_win.cc(123)] NtOpenThread: {Acesso negado} Um processo pediu acesso a um objeto, mas não lhe foram concedidos permissões de acesso. (0xc0000022)
[1028/193550.755:ERROR:exception_snapshot_win.cc(99)] thread ID 24264 not found in process
[1028/193550.798:ERROR:process_reader_win.cc(123)] NtOpenThread: {Acesso negado} Um processo pediu acesso a um objeto, mas não lhe foram concedidos permissões de acesso. (0xc0000022)
[1028/193550.798:ERROR:exception_snapshot_win.cc(99)] thread ID 15792 not found in process
[1028/193648.184:ERROR:process_reader_win.cc(123)] NtOpenThread: {Acesso negado} Um processo pediu acesso a um objeto, mas não lhe foram concedidos permissões de acesso. (0xc0000022)
[1028/193648.184:ERROR:exception_snapshot_win.cc(99)] thread ID 3628 not found in process
[1028/193648.228:ERROR:process_reader_win.cc(123)] NtOpenThread: {Acesso negado} Um processo pediu acesso a um objeto, mas não lhe foram concedidos permissões de acesso. (0xc0000022)
[1028/193648.228:ERROR:exception_snapshot_win.cc(99)] thread ID 9408 not found in process
[1028/193929.837:ERROR:process_reader_win.cc(123)] NtOpenThread: {Acesso negado} Um processo pediu acesso a um objeto, mas não lhe foram concedidos permissões de acesso. (0xc0000022)
[1028/193929.838:ERROR:exception_snapshot_win.cc(99)] thread ID 22416 not found in process
[1028/193929.873:ERROR:process_reader_win.cc(123)] NtOpenThread: {Acesso negado} Um processo pediu acesso a um objeto, mas não lhe foram concedidos permissões de acesso. (0xc0000022)
[1028/193929.873:ERROR:exception_snapshot_win.cc(99)] thread ID 13800 not found in process
[1028/194333.882:ERROR:process_reader_win.cc(123)] NtOpenThread: {Acesso negado} Um processo pediu acesso a um objeto, mas não lhe foram concedidos permissões de acesso. (0xc0000022)
[1028/194333.883:ERROR:exception_snapshot_win.cc(99)] thread ID 7844 not found in process
[1028/194333.882:ERROR:process_reader_win.cc(123)] NtOpenThread: {Acesso negado} Um processo pediu acesso a um objeto, mas não lhe foram concedidos permissões de acesso. (0xc0000022)
[1028/194333.883:ERROR:exception_snapshot_win.cc(99)] thread ID 20656 not found in process
[1028/194333.882:ERROR:process_reader_win.cc(123)] NtOpenThread: {Acesso negado} Um processo pediu acesso a um objeto, mas não lhe foram concedidos permissões de acesso. (0xc0000022)
[1028/194333.883:ERROR:exception_snapshot_win.cc(99)] thread ID 17932 not found in process
[1028/194333.933:ERROR:process_reader_win.cc(123)] NtOpenThread: {Acesso negado} Um processo pediu acesso a um objeto, mas não lhe foram concedidos permissões de acesso. (0xc0000022)
[1028/194333.933:ERROR:exception_snapshot_win.cc(99)] thread ID 22560 not found in process
[1028/194333.935:ERROR:process_reader_win.cc(123)] NtOpenThread: {Acesso negado} Um processo pediu acesso a um objeto, mas não lhe foram concedidos permissões de acesso. (0xc0000022)
[1028/194333.936:ERROR:exception_snapshot_win.cc(99)] thread ID 10588 not found in process
[1028/194333.939:ERROR:process_reader_win.cc(123)] NtOpenThread: {Acesso negado} Um processo pediu acesso a um objeto, mas não lhe foram concedidos permissões de acesso. (0xc0000022)
[1028/194333.939:ERROR:exception_snapshot_win.cc(99)] thread ID 19180 not found in process
[1028/194600.742:ERROR:process_reader_win.cc(151)] SuspendThread: Acesso negado. (0x5)
[1028/194600.743:ERROR:process_reader_win.cc(151)] SuspendThread: Acesso negado. (0x5)
[1028/194600.743:ERROR:process_reader_win.cc(123)] NtOpenThread: {Acesso negado} Um processo pediu acesso a um objeto, mas não lhe foram concedidos permissões de acesso. (0xc0000022)
[1028/194600.743:ERROR:exception_snapshot_win.cc(99)] thread ID 26064 not found in process
[1028/194600.743:ERROR:process_reader_win.cc(123)] NtOpenThread: {Acesso negado} Um processo pediu acesso a um objeto, mas não lhe foram concedidos permissões de acesso. (0xc0000022)
[1028/194600.744:ERROR:exception_snapshot_win.cc(99)] thread ID 23676 not found in process
[1028/194600.789:ERROR:process_reader_win.cc(123)] NtOpenThread: {Acesso negado} Um processo pediu acesso a um objeto, mas não lhe foram concedidos permissões de acesso. (0xc0000022)
[1028/194600.789:ERROR:exception_snapshot_win.cc(99)] thread ID 19176 not found in process
[1028/194600.791:ERROR:process_reader_win.cc(123)] NtOpenThread: {Acesso negado} Um processo pediu acesso a um objeto, mas não lhe foram concedidos permissões de acesso. (0xc0000022)
[1028/194600.791:ERROR:exception_snapshot_win.cc(99)] thread ID 22572 not found in process
[1028/194659.049:ERROR:process_reader_win.cc(123)] NtOpenThread: {Acesso negado} Um processo pediu acesso a um objeto, mas não lhe foram concedidos permissões de acesso. (0xc0000022)
[1028/194659.050:ERROR:exception_snapshot_win.cc(99)] thread ID 3988 not found in process
[1028/194659.099:ERROR:process_reader_win.cc(123)] NtOpenThread: {Acesso negado} Um processo pediu acesso a um objeto, mas não lhe foram concedidos permissões de acesso. (0xc0000022)
[1028/194659.099:ERROR:exception_snapshot_win.cc(99)] thread ID 25072 not found in process
[1028/195151.045:ERROR:process_reader_win.cc(123)] NtOpenThread: {Acesso negado} Um processo pediu acesso a um objeto, mas não lhe foram concedidos permissões de acesso. (0xc0000022)
[1028/195151.047:ERROR:exception_snapshot_win.cc(99)] thread ID 12188 not found in process
[1028/195151.045:ERROR:process_reader_win.cc(123)] NtOpenThread: {Acesso negado} Um processo pediu acesso a um objeto, mas não lhe foram concedidos permissões de acesso. (0xc0000022)
[1028/195151.047:ERROR:exception_snapshot_win.cc(99)] thread ID 11732 not found in process
[1028/195151.094:ERROR:process_reader_win.cc(123)] NtOpenThread: {Acesso negado} Um processo pediu acesso a um objeto, mas não lhe foram concedidos permissões de acesso. (0xc0000022)
[1028/195151.094:ERROR:process_reader_win.cc(123)] NtOpenThread: {Acesso negado} Um processo pediu acesso a um objeto, mas não lhe foram concedidos permissões de acesso. (0xc0000022)
[1028/195151.094:ERROR:exception_snapshot_win.cc(99)] thread ID 29268 not found in process
[1028/195151.094:ERROR:exception_snapshot_win.cc(99)] thread ID 6512 not found in process
[1028/195309.683:ERROR:process_reader_win.cc(123)] NtOpenThread: {Acesso negado} Um processo pediu acesso a um objeto, mas não lhe foram concedidos permissões de acesso. (0xc0000022)
[1028/195309.684:ERROR:exception_snapshot_win.cc(99)] thread ID 20104 not found in process
[1028/195309.720:ERROR:process_reader_win.cc(123)] NtOpenThread: {Acesso negado} Um processo pediu acesso a um objeto, mas não lhe foram concedidos permissões de acesso. (0xc0000022)
[1028/195309.720:ERROR:exception_snapshot_win.cc(99)] thread ID 26808 not found in process
[1028/195417.675:ERROR:process_reader_win.cc(123)] NtOpenThread: {Acesso negado} Um processo pediu acesso a um objeto, mas não lhe foram concedidos permissões de acesso. (0xc0000022)
[1028/195417.676:ERROR:exception_snapshot_win.cc(99)] thread ID 12680 not found in process
[1028/195417.709:ERROR:process_reader_win.cc(123)] NtOpenThread: {Acesso negado} Um processo pediu acesso a um objeto, mas não lhe foram concedidos permissões de acesso. (0xc0000022)
[1028/195417.709:ERROR:exception_snapshot_win.cc(99)] thread ID 22136 not found in process
[1028/195759.938:ERROR:process_reader_win.cc(123)] NtOpenThread: {Acesso negado} Um processo pediu acesso a um objeto, mas não lhe foram concedidos permissões de acesso. (0xc0000022)
[1028/195759.939:ERROR:exception_snapshot_win.cc(99)] thread ID 26592 not found in process
[1028/195759.984:ERROR:process_reader_win.cc(123)] NtOpenThread: {Acesso negado} Um processo pediu acesso a um objeto, mas não lhe foram concedidos permissões de acesso. (0xc0000022)
[1028/195759.984:ERROR:exception_snapshot_win.cc(99)] thread ID 3132 not found in process
[1028/200313.863:ERROR:process_reader_win.cc(123)] NtOpenThread: {Acesso negado} Um processo pediu acesso a um objeto, mas não lhe foram concedidos permissões de acesso. (0xc0000022)
[1028/200313.864:ERROR:exception_snapshot_win.cc(99)] thread ID 10452 not found in process
[1028/200313.910:ERROR:process_reader_win.cc(123)] NtOpenThread: {Acesso negado} Um processo pediu acesso a um objeto, mas não lhe foram concedidos permissões de acesso. (0xc0000022)
[1028/200313.910:ERROR:exception_snapshot_win.cc(99)] thread ID 28520 not found in process
[1030/224527.010:ERROR:process_reader_win.cc(123)] NtOpenThread: {Acesso negado} Um processo pediu acesso a um objeto, mas não lhe foram concedidos permissões de acesso. (0xc0000022)
[1030/224527.012:ERROR:exception_snapshot_win.cc(99)] thread ID 22312 not found in process
[1030/224527.052:ERROR:process_reader_win.cc(123)] NtOpenThread: {Acesso negado} Um processo pediu acesso a um objeto, mas não lhe foram concedidos permissões de acesso. (0xc0000022)
[1030/224527.052:ERROR:exception_snapshot_win.cc(99)] thread ID 2960 not found in process
[1030/224720.858:ERROR:process_reader_win.cc(123)] NtOpenThread: {Acesso negado} Um processo pediu acesso a um objeto, mas não lhe foram concedidos permissões de acesso. (0xc0000022)
[1030/224720.858:ERROR:exception_snapshot_win.cc(99)] thread ID 24468 not found in process
[1030/224720.876:ERROR:process_reader_win.cc(123)] NtOpenThread: {Acesso negado} Um processo pediu acesso a um objeto, mas não lhe foram concedidos permissões de acesso. (0xc0000022)
[1030/224720.876:ERROR:exception_snapshot_win.cc(99)] thread ID 24716 not found in process
[1030/224720.920:ERROR:process_reader_win.cc(123)] NtOpenThread: {Acesso negado} Um processo pediu acesso a um objeto, mas não lhe foram concedidos permissões de acesso. (0xc0000022)
[1030/224720.920:ERROR:exception_snapshot_win.cc(99)] thread ID 24860 not found in process
[1030/224859.200:ERROR:process_reader_win.cc(123)] NtOpenThread: {Acesso negado} Um processo pediu acesso a um objeto, mas não lhe foram concedidos permissões de acesso. (0xc0000022)
[1030/224859.201:ERROR:exception_snapshot_win.cc(99)] thread ID 24800 not found in process
[1030/224859.216:ERROR:process_reader_win.cc(123)] NtOpenThread: {Acesso negado} Um processo pediu acesso a um objeto, mas não lhe foram concedidos permissões de acesso. (0xc0000022)
[1030/224859.216:ERROR:exception_snapshot_win.cc(99)] thread ID 21508 not found in process
[1030/224859.257:ERROR:process_reader_win.cc(123)] NtOpenThread: {Acesso negado} Um processo pediu acesso a um objeto, mas não lhe foram concedidos permissões de acesso. (0xc0000022)
[1030/224859.257:ERROR:exception_snapshot_win.cc(99)] thread ID 21252 not found in process
[1031/001506.246:ERROR:process_reader_win.cc(123)] NtOpenThread: {Acesso negado} Um processo pediu acesso a um objeto, mas não lhe foram concedidos permissões de acesso. (0xc0000022)
[1031/001506.248:ERROR:exception_snapshot_win.cc(99)] thread ID 23676 not found in process
[1031/001506.289:ERROR:process_reader_win.cc(123)] NtOpenThread: {Acesso negado} Um processo pediu acesso a um objeto, mas não lhe foram concedidos permissões de acesso. (0xc0000022)
[1031/001506.289:ERROR:exception_snapshot_win.cc(99)] thread ID 4148 not found in process
[1031/002137.006:ERROR:process_reader_win.cc(123)] NtOpenThread: {Acesso negado} Um processo pediu acesso a um objeto, mas não lhe foram concedidos permissões de acesso. (0xc0000022)
[1031/002137.007:ERROR:exception_snapshot_win.cc(99)] thread ID 12824 not found in process
[1031/002137.046:ERROR:process_reader_win.cc(123)] NtOpenThread: {Acesso negado} Um processo pediu acesso a um objeto, mas não lhe foram concedidos permissões de acesso. (0xc0000022)
[1031/002137.046:ERROR:exception_snapshot_win.cc(99)] thread ID 8996 not found in process
[1103/100816.015:ERROR:process_reader_win.cc(123)] NtOpenThread: {Acesso negado} Um processo pediu acesso a um objeto, mas não lhe foram concedidos permissões de acesso. (0xc0000022)
[1103/100816.063:ERROR:exception_snapshot_win.cc(99)] thread ID 23772 not found in process
[1103/100816.121:ERROR:process_reader_win.cc(123)] NtOpenThread: {Acesso negado} Um processo pediu acesso a um objeto, mas não lhe foram concedidos permissões de acesso. (0xc0000022)
[1103/100816.121:ERROR:exception_snapshot_win.cc(99)] thread ID 24316 not found in process
[1114/230349.695:ERROR:process_reader_win.cc(123)] NtOpenThread: {Acesso negado} Um processo pediu acesso a um objeto, mas não lhe foram concedidos permissões de acesso. (0xc0000022)
[1114/230349.697:ERROR:exception_snapshot_win.cc(99)] thread ID 8148 not found in process
[1114/230349.759:ERROR:process_reader_win.cc(123)] NtOpenThread: {Acesso negado} Um processo pediu acesso a um objeto, mas não lhe foram concedidos permissões de acesso. (0xc0000022)
[1114/230349.759:ERROR:exception_snapshot_win.cc(99)] thread ID 21288 not found in process
[1114/230458.590:ERROR:process_reader_win.cc(123)] NtOpenThread: {Acesso negado} Um processo pediu acesso a um objeto, mas não lhe foram concedidos permissões de acesso. (0xc0000022)
[1114/230458.592:ERROR:exception_snapshot_win.cc(99)] thread ID 22408 not found in process
[1114/230458.625:ERROR:process_reader_win.cc(123)] NtOpenThread: {Acesso negado} Um processo pediu acesso a um objeto, mas não lhe foram concedidos permissões de acesso. (0xc0000022)
[1114/230458.625:ERROR:exception_snapshot_win.cc(99)] thread ID 22180 not found in process
[1114/230458.667:ERROR:process_reader_win.cc(123)] NtOpenThread: {Acesso negado} Um processo pediu acesso a um objeto, mas não lhe foram concedidos permissões de acesso. (0xc0000022)
[1114/230458.668:ERROR:exception_snapshot_win.cc(99)] thread ID 22440 not found in process
[1114/230716.756:ERROR:process_reader_win.cc(123)] NtOpenThread: {Acesso negado} Um processo pediu acesso a um objeto, mas não lhe foram concedidos permissões de acesso. (0xc0000022)
[1114/230716.758:ERROR:exception_snapshot_win.cc(99)] thread ID 20904 not found in process
[1114/230716.807:ERROR:process_reader_win.cc(123)] NtOpenThread: {Acesso negado} Um processo pediu acesso a um objeto, mas não lhe foram concedidos permissões de acesso. (0xc0000022)
[1114/230716.807:ERROR:exception_snapshot_win.cc(99)] thread ID 20940 not found in process
[1114/231407.252:ERROR:process_reader_win.cc(123)] NtOpenThread: {Acesso negado} Um processo pediu acesso a um objeto, mas não lhe foram concedidos permissões de acesso. (0xc0000022)
[1114/231407.253:ERROR:exception_snapshot_win.cc(99)] thread ID 23624 not found in process
[1114/231407.295:ERROR:process_reader_win.cc(123)] NtOpenThread: {Acesso negado} Um processo pediu acesso a um objeto, mas não lhe foram concedidos permissões de acesso. (0xc0000022)
[1114/231407.295:ERROR:exception_snapshot_win.cc(99)] thread ID 6000 not found in process
[1114/231523.837:ERROR:process_reader_win.cc(123)] NtOpenThread: {Acesso negado} Um processo pediu acesso a um objeto, mas não lhe foram concedidos permissões de acesso. (0xc0000022)
[1114/231523.840:ERROR:exception_snapshot_win.cc(99)] thread ID 21612 not found in process
[1114/231523.890:ERROR:process_reader_win.cc(123)] NtOpenThread: {Acesso negado} Um processo pediu acesso a um objeto, mas não lhe foram concedidos permissões de acesso. (0xc0000022)
[1114/231523.890:ERROR:exception_snapshot_win.cc(99)] thread ID 21940 not found in process
[1114/232119.140:ERROR:process_reader_win.cc(123)] NtOpenThread: {Acesso negado} Um processo pediu acesso a um objeto, mas não lhe foram concedidos permissões de acesso. (0xc0000022)
[1114/232119.142:ERROR:exception_snapshot_win.cc(99)] thread ID 24936 not found in process
[1114/232119.208:ERROR:process_reader_win.cc(123)] NtOpenThread: {Acesso negado} Um processo pediu acesso a um objeto, mas não lhe foram concedidos permissões de acesso. (0xc0000022)
[1114/232119.208:ERROR:exception_snapshot_win.cc(99)] thread ID 24944 not found in process
[1114/232246.328:ERROR:process_reader_win.cc(123)] NtOpenThread: {Acesso negado} Um processo pediu acesso a um objeto, mas não lhe foram concedidos permissões de acesso. (0xc0000022)
[1114/232246.330:ERROR:exception_snapshot_win.cc(99)] thread ID 5784 not found in process
[1114/232246.369:ERROR:process_reader_win.cc(123)] NtOpenThread: {Acesso negado} Um processo pediu acesso a um objeto, mas não lhe foram concedidos permissões de acesso. (0xc0000022)
[1114/232246.369:ERROR:exception_snapshot_win.cc(99)] thread ID 20896 not found in process
[1114/232246.421:ERROR:process_reader_win.cc(123)] NtOpenThread: {Acesso negado} Um processo pediu acesso a um objeto, mas não lhe foram concedidos permissões de acesso. (0xc0000022)
[1114/232246.421:ERROR:exception_snapshot_win.cc(99)] thread ID 16488 not found in process
[1114/232841.620:ERROR:process_reader_win.cc(123)] NtOpenThread: {Acesso negado} Um processo pediu acesso a um objeto, mas não lhe foram concedidos permissões de acesso. (0xc0000022)
[1114/232841.621:ERROR:exception_snapshot_win.cc(99)] thread ID 17228 not found in process
[1114/232841.669:ERROR:process_reader_win.cc(123)] NtOpenThread: {Acesso negado} Um processo pediu acesso a um objeto, mas não lhe foram concedidos permissões de acesso. (0xc0000022)
[1114/232841.669:ERROR:exception_snapshot_win.cc(99)] thread ID 23964 not found in process
[1114/234459.488:ERROR:process_reader_win.cc(123)] NtOpenThread: {Acesso negado} Um processo pediu acesso a um objeto, mas não lhe foram concedidos permissões de acesso. (0xc0000022)
[1114/234459.490:ERROR:exception_snapshot_win.cc(99)] thread ID 9852 not found in process
[1114/234459.533:ERROR:process_reader_win.cc(123)] NtOpenThread: {Acesso negado} Um processo pediu acesso a um objeto, mas não lhe foram concedidos permissões de acesso. (0xc0000022)
[1114/234459.533:ERROR:exception_snapshot_win.cc(99)] thread ID 24600 not found in process
[1114/234459.579:ERROR:process_reader_win.cc(123)] NtOpenThread: {Acesso negado} Um processo pediu acesso a um objeto, mas não lhe foram concedidos permissões de acesso. (0xc0000022)
[1114/234459.579:ERROR:exception_snapshot_win.cc(99)] thread ID 26104 not found in process
[1115/001732.663:ERROR:process_reader_win.cc(123)] NtOpenThread: {Acesso negado} Um processo pediu acesso a um objeto, mas não lhe foram concedidos permissões de acesso. (0xc0000022)
[1115/001732.664:ERROR:exception_snapshot_win.cc(99)] thread ID 27812 not found in process
[1115/001732.701:ERROR:process_reader_win.cc(123)] NtOpenThread: {Acesso negado} Um processo pediu acesso a um objeto, mas não lhe foram concedidos permissões de acesso. (0xc0000022)
[1115/001732.701:ERROR:exception_snapshot_win.cc(99)] thread ID 16916 not found in process
[1115/001952.293:ERROR:process_reader_win.cc(123)] NtOpenThread: {Acesso negado} Um processo pediu acesso a um objeto, mas não lhe foram concedidos permissões de acesso. (0xc0000022)
[1115/001952.294:ERROR:exception_snapshot_win.cc(99)] thread ID 23184 not found in process
[1115/001952.332:ERROR:process_reader_win.cc(123)] NtOpenThread: {Acesso negado} Um processo pediu acesso a um objeto, mas não lhe foram concedidos permissões de acesso. (0xc0000022)
[1115/001952.332:ERROR:exception_snapshot_win.cc(99)] thread ID 28352 not found in process
[1115/002116.628:ERROR:process_reader_win.cc(123)] NtOpenThread: {Acesso negado} Um processo pediu acesso a um objeto, mas não lhe foram concedidos permissões de acesso. (0xc0000022)
[1115/002116.629:ERROR:exception_snapshot_win.cc(99)] thread ID 27664 not found in process
[1115/002116.669:ERROR:process_reader_win.cc(123)] NtOpenThread: {Acesso negado} Um processo pediu acesso a um objeto, mas não lhe foram concedidos permissões de acesso. (0xc0000022)
[1115/002116.669:ERROR:exception_snapshot_win.cc(99)] thread ID 25528 not found in process
[1115/002950.383:ERROR:process_reader_win.cc(123)] NtOpenThread: {Acesso negado} Um processo pediu acesso a um objeto, mas não lhe foram concedidos permissões de acesso. (0xc0000022)
[1115/002950.384:ERROR:exception_snapshot_win.cc(99)] thread ID 21672 not found in process
[1115/002950.425:ERROR:process_reader_win.cc(123)] NtOpenThread: {Acesso negado} Um processo pediu acesso a um objeto, mas não lhe foram concedidos permissões de acesso. (0xc0000022)
[1115/002950.425:ERROR:exception_snapshot_win.cc(99)] thread ID 27160 not found in process
[1115/003322.309:ERROR:process_reader_win.cc(123)] NtOpenThread: {Acesso negado} Um processo pediu acesso a um objeto, mas não lhe foram concedidos permissões de acesso. (0xc0000022)
[1115/003322.310:ERROR:exception_snapshot_win.cc(99)] thread ID 22708 not found in process
[1115/003322.352:ERROR:process_reader_win.cc(123)] NtOpenThread: {Acesso negado} Um processo pediu acesso a um objeto, mas não lhe foram concedidos permissões de acesso. (0xc0000022)
[1115/003322.352:ERROR:exception_snapshot_win.cc(99)] thread ID 22244 not found in process
[1115/003632.436:ERROR:process_reader_win.cc(123)] NtOpenThread: {Acesso negado} Um processo pediu acesso a um objeto, mas não lhe foram concedidos permissões de acesso. (0xc0000022)
[1115/003632.437:ERROR:exception_snapshot_win.cc(99)] thread ID 4488 not found in process
[1115/003632.485:ERROR:process_reader_win.cc(123)] NtOpenThread: {Acesso negado} Um processo pediu acesso a um objeto, mas não lhe foram concedidos permissões de acesso. (0xc0000022)
[1115/003632.485:ERROR:exception_snapshot_win.cc(99)] thread ID 17680 not found in process
[1115/003930.714:ERROR:process_reader_win.cc(123)] NtOpenThread: {Acesso negado} Um processo pediu acesso a um objeto, mas não lhe foram concedidos permissões de acesso. (0xc0000022)
[1115/003930.715:ERROR:exception_snapshot_win.cc(99)] thread ID 11596 not found in process
[1115/003930.760:ERROR:process_reader_win.cc(123)] NtOpenThread: {Acesso negado} Um processo pediu acesso a um objeto, mas não lhe foram concedidos permissões de acesso. (0xc0000022)
[1115/003930.760:ERROR:exception_snapshot_win.cc(99)] thread ID 26388 not found in process
[1115/004523.320:ERROR:process_reader_win.cc(123)] NtOpenThread: {Acesso negado} Um processo pediu acesso a um objeto, mas não lhe foram concedidos permissões de acesso. (0xc0000022)
[1115/004523.321:ERROR:exception_snapshot_win.cc(99)] thread ID 10668 not found in process
[1115/004523.359:ERROR:process_reader_win.cc(123)] NtOpenThread: {Acesso negado} Um processo pediu acesso a um objeto, mas não lhe foram concedidos permissões de acesso. (0xc0000022)
[1115/004523.359:ERROR:exception_snapshot_win.cc(99)] thread ID 27568 not found in process
[1115/005844.232:ERROR:process_reader_win.cc(123)] NtOpenThread: {Acesso negado} Um processo pediu acesso a um objeto, mas não lhe foram concedidos permissões de acesso. (0xc0000022)
[1115/005844.233:ERROR:exception_snapshot_win.cc(99)] thread ID 17520 not found in process
[1115/005844.233:ERROR:process_reader_win.cc(123)] NtOpenThread: {Acesso negado} Um processo pediu acesso a um objeto, mas não lhe foram concedidos permissões de acesso. (0xc0000022)
[1115/005844.234:ERROR:exception_snapshot_win.cc(99)] thread ID 4704 not found in process
[1115/005844.237:ERROR:process_reader_win.cc(123)] NtOpenThread: {Acesso negado} Um processo pediu acesso a um objeto, mas não lhe foram concedidos permissões de acesso. (0xc0000022)
[1115/005844.238:ERROR:exception_snapshot_win.cc(99)] thread ID 21696 not found in process
[1115/005844.279:ERROR:process_reader_win.cc(123)] NtOpenThread: {Acesso negado} Um processo pediu acesso a um objeto, mas não lhe foram concedidos permissões de acesso. (0xc0000022)
[1115/005844.279:ERROR:exception_snapshot_win.cc(99)] thread ID 22532 not found in process
[1115/005844.283:ERROR:process_reader_win.cc(123)] NtOpenThread: {Acesso negado} Um processo pediu acesso a um objeto, mas não lhe foram concedidos permissões de acesso. (0xc0000022)
[1115/005844.283:ERROR:process_reader_win.cc(123)] NtOpenThread: {Acesso negado} Um processo pediu acesso a um objeto, mas não lhe foram concedidos permissões de acesso. (0xc0000022)
[1115/005844.284:ERROR:exception_snapshot_win.cc(99)] thread ID 6088 not found in process
[1115/005844.284:ERROR:exception_snapshot_win.cc(99)] thread ID 23792 not found in process
[1115/010156.275:ERROR:process_reader_win.cc(123)] NtOpenThread: {Acesso negado} Um processo pediu acesso a um objeto, mas não lhe foram concedidos permissões de acesso. (0xc0000022)
[1115/010156.276:ERROR:exception_snapshot_win.cc(99)] thread ID 17680 not found in process
[1115/010156.319:ERROR:process_reader_win.cc(123)] NtOpenThread: {Acesso negado} Um processo pediu acesso a um objeto, mas não lhe foram concedidos permissões de acesso. (0xc0000022)
[1115/010156.319:ERROR:exception_snapshot_win.cc(99)] thread ID 16740 not found in process
[1115/151306.787:ERROR:process_reader_win.cc(123)] NtOpenThread: {Acesso negado} Um processo pediu acesso a um objeto, mas não lhe foram concedidos permissões de acesso. (0xc0000022)
[1115/151306.790:ERROR:exception_snapshot_win.cc(99)] thread ID 7516 not found in process
[1115/151306.854:ERROR:process_reader_win.cc(151)] SuspendThread: Acesso negado. (0x5)
[1115/151306.856:ERROR:process_reader_win.cc(151)] SuspendThread: Acesso negado. (0x5)
[1115/151306.856:ERROR:process_reader_win.cc(151)] SuspendThread: Acesso negado. (0x5)
[1115/151306.856:ERROR:process_reader_win.cc(151)] SuspendThread: Acesso negado. (0x5)
[1115/151306.856:ERROR:process_reader_win.cc(123)] NtOpenThread: {Acesso negado} Um processo pediu acesso a um objeto, mas não lhe foram concedidos permissões de acesso. (0xc0000022)
[1115/151306.856:ERROR:exception_snapshot_win.cc(99)] thread ID 11272 not found in process
[1115/151454.021:ERROR:process_reader_win.cc(123)] NtOpenThread: {Acesso negado} Um processo pediu acesso a um objeto, mas não lhe foram concedidos permissões de acesso. (0xc0000022)
[1115/151454.022:ERROR:exception_snapshot_win.cc(99)] thread ID 25224 not found in process
[1115/151454.039:ERROR:process_reader_win.cc(123)] NtOpenThread: {Acesso negado} Um processo pediu acesso a um objeto, mas não lhe foram concedidos permissões de acesso. (0xc0000022)
[1115/151454.039:ERROR:exception_snapshot_win.cc(99)] thread ID 3028 not found in process
[1115/151454.090:ERROR:process_reader_win.cc(123)] NtOpenThread: {Acesso negado} Um processo pediu acesso a um objeto, mas não lhe foram concedidos permissões de acesso. (0xc0000022)
[1115/151454.090:ERROR:exception_snapshot_win.cc(99)] thread ID 2484 not found in process
[1115/151946.438:ERROR:process_reader_win.cc(123)] NtOpenThread: {Acesso negado} Um processo pediu acesso a um objeto, mas não lhe foram concedidos permissões de acesso. (0xc0000022)
[1115/151946.439:ERROR:exception_snapshot_win.cc(99)] thread ID 26440 not found in process
[1115/151946.473:ERROR:process_reader_win.cc(123)] NtOpenThread: {Acesso negado} Um processo pediu acesso a um objeto, mas não lhe foram concedidos permissões de acesso. (0xc0000022)
[1115/151946.473:ERROR:exception_snapshot_win.cc(99)] thread ID 14204 not found in process
[1115/151958.213:ERROR:process_reader_win.cc(123)] NtOpenThread: {Acesso negado} Um processo pediu acesso a um objeto, mas não lhe foram concedidos permissões de acesso. (0xc0000022)
[1115/151958.214:ERROR:exception_snapshot_win.cc(99)] thread ID 8560 not found in process
[1115/151958.253:ERROR:process_reader_win.cc(123)] NtOpenThread: {Acesso negado} Um processo pediu acesso a um objeto, mas não lhe foram concedidos permissões de acesso. (0xc0000022)
[1115/151958.253:ERROR:exception_snapshot_win.cc(99)] thread ID 5256 not found in process
[1115/152111.583:ERROR:process_reader_win.cc(123)] NtOpenThread: {Acesso negado} Um processo pediu acesso a um objeto, mas não lhe foram concedidos permissões de acesso. (0xc0000022)
[1115/152111.584:ERROR:exception_snapshot_win.cc(99)] thread ID 10664 not found in process
[1115/152111.634:ERROR:process_reader_win.cc(123)] NtOpenThread: {Acesso negado} Um processo pediu acesso a um objeto, mas não lhe foram concedidos permissões de acesso. (0xc0000022)
[1115/152111.634:ERROR:exception_snapshot_win.cc(99)] thread ID 10324 not found in process
[1115/155131.603:ERROR:process_reader_win.cc(123)] NtOpenThread: {Acesso negado} Um processo pediu acesso a um objeto, mas não lhe foram concedidos permissões de acesso. (0xc0000022)
[1115/155131.604:ERROR:exception_snapshot_win.cc(99)] thread ID 21912 not found in process
[1115/155131.650:ERROR:process_reader_win.cc(123)] NtOpenThread: {Acesso negado} Um processo pediu acesso a um objeto, mas não lhe foram concedidos permissões de acesso. (0xc0000022)
[1115/155131.651:ERROR:exception_snapshot_win.cc(99)] thread ID 14100 not found in process
[1115/155311.876:ERROR:process_reader_win.cc(123)] NtOpenThread: {Acesso negado} Um processo pediu acesso a um objeto, mas não lhe foram concedidos permissões de acesso. (0xc0000022)
[1115/155311.877:ERROR:exception_snapshot_win.cc(99)] thread ID 20900 not found in process
[1115/155311.926:ERROR:process_reader_win.cc(123)] NtOpenThread: {Acesso negado} Um processo pediu acesso a um objeto, mas não lhe foram concedidos permissões de acesso. (0xc0000022)
[1115/155311.926:ERROR:exception_snapshot_win.cc(99)] thread ID 24772 not found in process
[1115/155616.337:ERROR:process_reader_win.cc(123)] NtOpenThread: {Acesso negado} Um processo pediu acesso a um objeto, mas não lhe foram concedidos permissões de acesso. (0xc0000022)
[1115/155616.338:ERROR:exception_snapshot_win.cc(99)] thread ID 15316 not found in process
[1115/155616.388:ERROR:process_reader_win.cc(123)] NtOpenThread: {Acesso negado} Um processo pediu acesso a um objeto, mas não lhe foram concedidos permissões de acesso. (0xc0000022)
[1115/155616.388:ERROR:exception_snapshot_win.cc(99)] thread ID 22328 not found in process
[1115/155840.932:ERROR:process_reader_win.cc(123)] NtOpenThread: {Acesso negado} Um processo pediu acesso a um objeto, mas não lhe foram concedidos permissões de acesso. (0xc0000022)
[1115/155840.933:ERROR:exception_snapshot_win.cc(99)] thread ID 28312 not found in process
[1115/155840.956:ERROR:process_reader_win.cc(123)] NtOpenThread: {Acesso negado} Um processo pediu acesso a um objeto, mas não lhe foram concedidos permissões de acesso. (0xc0000022)
[1115/155840.956:ERROR:exception_snapshot_win.cc(99)] thread ID 19156 not found in process
[1115/155841.006:ERROR:process_reader_win.cc(123)] NtOpenThread: {Acesso negado} Um processo pediu acesso a um objeto, mas não lhe foram concedidos permissões de acesso. (0xc0000022)
[1115/155841.006:ERROR:exception_snapshot_win.cc(99)] thread ID 28304 not found in process
[1115/160133.825:ERROR:process_reader_win.cc(123)] NtOpenThread: {Acesso negado} Um processo pediu acesso a um objeto, mas não lhe foram concedidos permissões de acesso. (0xc0000022)
[1115/160133.826:ERROR:exception_snapshot_win.cc(99)] thread ID 16864 not found in process
[1115/160133.843:ERROR:process_reader_win.cc(123)] NtOpenThread: {Acesso negado} Um processo pediu acesso a um objeto, mas não lhe foram concedidos permissões de acesso. (0xc0000022)
[1115/160133.844:ERROR:exception_snapshot_win.cc(99)] thread ID 28524 not found in process
[1115/160133.905:ERROR:process_reader_win.cc(123)] NtOpenThread: {Acesso negado} Um processo pediu acesso a um objeto, mas não lhe foram concedidos permissões de acesso. (0xc0000022)
[1115/160133.905:ERROR:exception_snapshot_win.cc(99)] thread ID 940 not found in process
[1115/160136.310:ERROR:process_reader_win.cc(123)] NtOpenThread: {Acesso negado} Um processo pediu acesso a um objeto, mas não lhe foram concedidos permissões de acesso. (0xc0000022)
[1115/160136.310:ERROR:exception_snapshot_win.cc(99)] thread ID 28376 not found in process
[1115/160314.928:ERROR:process_reader_win.cc(123)] NtOpenThread: {Acesso negado} Um processo pediu acesso a um objeto, mas não lhe foram concedidos permissões de acesso. (0xc0000022)
[1115/160314.929:ERROR:exception_snapshot_win.cc(99)] thread ID 17312 not found in process
[1115/160314.993:ERROR:process_reader_win.cc(123)] NtOpenThread: {Acesso negado} Um processo pediu acesso a um objeto, mas não lhe foram concedidos permissões de acesso. (0xc0000022)
[1115/160314.993:ERROR:exception_snapshot_win.cc(99)] thread ID 1388 not found in process
[1115/160535.800:ERROR:process_reader_win.cc(123)] NtOpenThread: {Acesso negado} Um processo pediu acesso a um objeto, mas não lhe foram concedidos permissões de acesso. (0xc0000022)
[1115/160535.801:ERROR:exception_snapshot_win.cc(99)] thread ID 27968 not found in process
[1115/160535.822:ERROR:process_reader_win.cc(123)] NtOpenThread: {Acesso negado} Um processo pediu acesso a um objeto, mas não lhe foram concedidos permissões de acesso. (0xc0000022)
[1115/160535.822:ERROR:exception_snapshot_win.cc(99)] thread ID 11472 not found in process
[1115/160535.872:ERROR:process_reader_win.cc(123)] NtOpenThread: {Acesso negado} Um processo pediu acesso a um objeto, mas não lhe foram concedidos permissões de acesso. (0xc0000022)
[1115/160535.872:ERROR:exception_snapshot_win.cc(99)] thread ID 19664 not found in process
[1115/160540.941:ERROR:process_reader_win.cc(123)] NtOpenThread: {Acesso negado} Um processo pediu acesso a um objeto, mas não lhe foram concedidos permissões de acesso. (0xc0000022)
[1115/160540.941:ERROR:exception_snapshot_win.cc(99)] thread ID 28580 not found in process
[1115/160740.933:ERROR:process_reader_win.cc(123)] NtOpenThread: {Acesso negado} Um processo pediu acesso a um objeto, mas não lhe foram concedidos permissões de acesso. (0xc0000022)
[1115/160740.934:ERROR:exception_snapshot_win.cc(99)] thread ID 8172 not found in process
[1115/160740.951:ERROR:process_reader_win.cc(123)] NtOpenThread: {Acesso negado} Um processo pediu acesso a um objeto, mas não lhe foram concedidos permissões de acesso. (0xc0000022)
[1115/160740.951:ERROR:exception_snapshot_win.cc(99)] thread ID 24632 not found in process
[1115/160741.005:ERROR:process_reader_win.cc(123)] NtOpenThread: {Acesso negado} Um processo pediu acesso a um objeto, mas não lhe foram concedidos permissões de acesso. (0xc0000022)
[1115/160741.005:ERROR:exception_snapshot_win.cc(99)] thread ID 4192 not found in process
[1115/160744.298:ERROR:process_reader_win.cc(123)] NtOpenThread: {Acesso negado} Um processo pediu acesso a um objeto, mas não lhe foram concedidos permissões de acesso. (0xc0000022)
[1115/160744.298:ERROR:exception_snapshot_win.cc(99)] thread ID 25760 not found in process
[1115/160945.058:ERROR:process_reader_win.cc(123)] NtOpenThread: {Acesso negado} Um processo pediu acesso a um objeto, mas não lhe foram concedidos permissões de acesso. (0xc0000022)
[1115/160945.058:ERROR:exception_snapshot_win.cc(99)] thread ID 19128 not found in process
[1115/160945.116:ERROR:process_reader_win.cc(123)] NtOpenThread: {Acesso negado} Um processo pediu acesso a um objeto, mas não lhe foram concedidos permissões de acesso. (0xc0000022)
[1115/160945.116:ERROR:exception_snapshot_win.cc(99)] thread ID 3700 not found in process
[1115/162701.018:ERROR:process_reader_win.cc(123)] NtOpenThread: {Acesso negado} Um processo pediu acesso a um objeto, mas não lhe foram concedidos permissões de acesso. (0xc0000022)
[1115/162701.019:ERROR:exception_snapshot_win.cc(99)] thread ID 20804 not found in process
[1115/162701.072:ERROR:process_reader_win.cc(123)] NtOpenThread: {Acesso negado} Um processo pediu acesso a um objeto, mas não lhe foram concedidos permissões de acesso. (0xc0000022)
[1115/162701.072:ERROR:exception_snapshot_win.cc(99)] thread ID 1680 not found in process
[1115/163006.912:ERROR:process_reader_win.cc(123)] NtOpenThread: {Acesso negado} Um processo pediu acesso a um objeto, mas não lhe foram concedidos permissões de acesso. (0xc0000022)
[1115/163006.913:ERROR:exception_snapshot_win.cc(99)] thread ID 28792 not found in process
[1115/163006.955:ERROR:process_reader_win.cc(123)] NtOpenThread: {Acesso negado} Um processo pediu acesso a um objeto, mas não lhe foram concedidos permissões de acesso. (0xc0000022)
[1115/163006.955:ERROR:exception_snapshot_win.cc(99)] thread ID 28816 not found in process
[1115/163102.419:ERROR:process_reader_win.cc(123)] NtOpenThread: {Acesso negado} Um processo pediu acesso a um objeto, mas não lhe foram concedidos permissões de acesso. (0xc0000022)
[1115/163102.420:ERROR:exception_snapshot_win.cc(99)] thread ID 21972 not found in process
[1115/163102.466:ERROR:process_reader_win.cc(123)] NtOpenThread: {Acesso negado} Um processo pediu acesso a um objeto, mas não lhe foram concedidos permissões de acesso. (0xc0000022)
[1115/163102.466:ERROR:exception_snapshot_win.cc(99)] thread ID 29176 not found in process
[1115/163210.234:ERROR:process_reader_win.cc(123)] NtOpenThread: {Acesso negado} Um processo pediu acesso a um objeto, mas não lhe foram concedidos permissões de acesso. (0xc0000022)
[1115/163210.235:ERROR:exception_snapshot_win.cc(99)] thread ID 18544 not found in process
[1115/163210.254:ERROR:process_reader_win.cc(123)] NtOpenThread: {Acesso negado} Um processo pediu acesso a um objeto, mas não lhe foram concedidos permissões de acesso. (0xc0000022)
[1115/163210.254:ERROR:exception_snapshot_win.cc(99)] thread ID 18024 not found in process
[1115/163210.303:ERROR:process_reader_win.cc(123)] NtOpenThread: {Acesso negado} Um processo pediu acesso a um objeto, mas não lhe foram concedidos permissões de acesso. (0xc0000022)
[1115/163210.303:ERROR:exception_snapshot_win.cc(99)] thread ID 27664 not found in process
[1115/163527.713:ERROR:process_reader_win.cc(123)] NtOpenThread: {Acesso negado} Um processo pediu acesso a um objeto, mas não lhe foram concedidos permissões de acesso. (0xc0000022)
[1115/163527.714:ERROR:exception_snapshot_win.cc(99)] thread ID 8732 not found in process
[1115/163527.756:ERROR:process_reader_win.cc(123)] NtOpenThread: {Acesso negado} Um processo pediu acesso a um objeto, mas não lhe foram concedidos permissões de acesso. (0xc0000022)
[1115/163527.756:ERROR:exception_snapshot_win.cc(99)] thread ID 10788 not found in process
[1115/164352.273:ERROR:process_reader_win.cc(123)] NtOpenThread: {Acesso negado} Um processo pediu acesso a um objeto, mas não lhe foram concedidos permissões de acesso. (0xc0000022)
[1115/164352.274:ERROR:exception_snapshot_win.cc(99)] thread ID 6708 not found in process
[1115/164352.320:ERROR:process_reader_win.cc(123)] NtOpenThread: {Acesso negado} Um processo pediu acesso a um objeto, mas não lhe foram concedidos permissões de acesso. (0xc0000022)
[1115/164352.320:ERROR:exception_snapshot_win.cc(99)] thread ID 27804 not found in process
[1115/164649.850:ERROR:process_reader_win.cc(123)] NtOpenThread: {Acesso negado} Um processo pediu acesso a um objeto, mas não lhe foram concedidos permissões de acesso. (0xc0000022)
[1115/164649.852:ERROR:exception_snapshot_win.cc(99)] thread ID 23456 not found in process
[1115/164649.896:ERROR:process_reader_win.cc(123)] NtOpenThread: {Acesso negado} Um processo pediu acesso a um objeto, mas não lhe foram concedidos permissões de acesso. (0xc0000022)
[1115/164649.896:ERROR:exception_snapshot_win.cc(99)] thread ID 7836 not found in process
[1115/164743.973:ERROR:process_reader_win.cc(123)] NtOpenThread: {Acesso negado} Um processo pediu acesso a um objeto, mas não lhe foram concedidos permissões de acesso. (0xc0000022)
[1115/164743.974:ERROR:exception_snapshot_win.cc(99)] thread ID 6892 not found in process
[1115/164743.992:ERROR:process_reader_win.cc(123)] NtOpenThread: {Acesso negado} Um processo pediu acesso a um objeto, mas não lhe foram concedidos permissões de acesso. (0xc0000022)
[1115/164743.992:ERROR:exception_snapshot_win.cc(99)] thread ID 19164 not found in process
[1115/164744.044:ERROR:process_reader_win.cc(123)] NtOpenThread: {Acesso negado} Um processo pediu acesso a um objeto, mas não lhe foram concedidos permissões de acesso. (0xc0000022)
[1115/164744.044:ERROR:exception_snapshot_win.cc(99)] thread ID 25564 not found in process
[1115/173944.773:ERROR:process_reader_win.cc(123)] NtOpenThread: {Acesso negado} Um processo pediu acesso a um objeto, mas não lhe foram concedidos permissões de acesso. (0xc0000022)
[1115/173944.774:ERROR:exception_snapshot_win.cc(99)] thread ID 22852 not found in process
[1115/173944.791:ERROR:process_reader_win.cc(123)] NtOpenThread: {Acesso negado} Um processo pediu acesso a um objeto, mas não lhe foram concedidos permissões de acesso. (0xc0000022)
[1115/173944.791:ERROR:exception_snapshot_win.cc(99)] thread ID 20212 not found in process
[1115/173944.836:ERROR:process_reader_win.cc(123)] NtOpenThread: {Acesso negado} Um processo pediu acesso a um objeto, mas não lhe foram concedidos permissões de acesso. (0xc0000022)
[1115/173944.836:ERROR:exception_snapshot_win.cc(99)] thread ID 27680 not found in process
[1115/174556.871:ERROR:process_reader_win.cc(123)] NtOpenThread: {Acesso negado} Um processo pediu acesso a um objeto, mas não lhe foram concedidos permissões de acesso. (0xc0000022)
[1115/174556.872:ERROR:exception_snapshot_win.cc(99)] thread ID 26068 not found in process
[1115/174556.871:ERROR:process_reader_win.cc(123)] NtOpenThread: {Acesso negado} Um processo pediu acesso a um objeto, mas não lhe foram concedidos permissões de acesso. (0xc0000022)
[1115/174556.872:ERROR:exception_snapshot_win.cc(99)] thread ID 12400 not found in process
[1115/174556.872:ERROR:process_reader_win.cc(123)] NtOpenThread: {Acesso negado} Um processo pediu acesso a um objeto, mas não lhe foram concedidos permissões de acesso. (0xc0000022)
[1115/174556.872:ERROR:exception_snapshot_win.cc(99)] thread ID 18604 not found in process
[1115/174556.970:ERROR:process_reader_win.cc(123)] NtOpenThread: {Acesso negado} Um processo pediu acesso a um objeto, mas não lhe foram concedidos permissões de acesso. (0xc0000022)
[1115/174556.970:ERROR:process_reader_win.cc(123)] NtOpenThread: {Acesso negado} Um processo pediu acesso a um objeto, mas não lhe foram concedidos permissões de acesso. (0xc0000022)
[1115/174556.970:ERROR:exception_snapshot_win.cc(99)] thread ID 8388 not found in process
[1115/174556.970:ERROR:exception_snapshot_win.cc(99)] thread ID 1368 not found in process
[1115/174556.976:ERROR:process_reader_win.cc(123)] NtOpenThread: {Acesso negado} Um processo pediu acesso a um objeto, mas não lhe foram concedidos permissões de acesso. (0xc0000022)
[1115/174556.976:ERROR:exception_snapshot_win.cc(99)] thread ID 29824 not found in process
[1115/174725.347:ERROR:process_reader_win.cc(123)] NtOpenThread: {Acesso negado} Um processo pediu acesso a um objeto, mas não lhe foram concedidos permissões de acesso. (0xc0000022)
[1115/174725.348:ERROR:exception_snapshot_win.cc(99)] thread ID 30060 not found in process
[1115/174725.391:ERROR:process_reader_win.cc(123)] NtOpenThread: {Acesso negado} Um processo pediu acesso a um objeto, mas não lhe foram concedidos permissões de acesso. (0xc0000022)
[1115/174725.391:ERROR:exception_snapshot_win.cc(99)] thread ID 25624 not found in process
[1115/174826.274:ERROR:process_reader_win.cc(123)] NtOpenThread: {Acesso negado} Um processo pediu acesso a um objeto, mas não lhe foram concedidos permissões de acesso. (0xc0000022)
[1115/174826.275:ERROR:exception_snapshot_win.cc(99)] thread ID 18860 not found in process
[1115/174826.294:ERROR:process_reader_win.cc(123)] NtOpenThread: {Acesso negado} Um processo pediu acesso a um objeto, mas não lhe foram concedidos permissões de acesso. (0xc0000022)
[1115/174826.294:ERROR:exception_snapshot_win.cc(99)] thread ID 29004 not found in process
[1115/174826.333:ERROR:process_reader_win.cc(123)] NtOpenThread: {Acesso negado} Um processo pediu acesso a um objeto, mas não lhe foram concedidos permissões de acesso. (0xc0000022)
[1115/174826.333:ERROR:exception_snapshot_win.cc(99)] thread ID 9264 not found in process
[1115/175115.771:ERROR:process_reader_win.cc(123)] NtOpenThread: {Acesso negado} Um processo pediu acesso a um objeto, mas não lhe foram concedidos permissões de acesso. (0xc0000022)
[1115/175115.772:ERROR:exception_snapshot_win.cc(99)] thread ID 7808 not found in process
[1115/175115.818:ERROR:process_reader_win.cc(123)] NtOpenThread: {Acesso negado} Um processo pediu acesso a um objeto, mas não lhe foram concedidos permissões de acesso. (0xc0000022)
[1115/175115.818:ERROR:exception_snapshot_win.cc(99)] thread ID 26664 not found in process
[1115/175531.481:ERROR:process_reader_win.cc(123)] NtOpenThread: {Acesso negado} Um processo pediu acesso a um objeto, mas não lhe foram concedidos permissões de acesso. (0xc0000022)
[1115/175531.482:ERROR:exception_snapshot_win.cc(99)] thread ID 21512 not found in process
[1115/175531.529:ERROR:process_reader_win.cc(123)] NtOpenThread: {Acesso negado} Um processo pediu acesso a um objeto, mas não lhe foram concedidos permissões de acesso. (0xc0000022)
[1115/175531.529:ERROR:exception_snapshot_win.cc(99)] thread ID 26952 not found in process
[1122/182855.367:ERROR:process_reader_win.cc(123)] NtOpenThread: {Acesso negado} Um processo pediu acesso a um objeto, mas não lhe foram concedidos permissões de acesso. (0xc0000022)
[1122/182855.368:ERROR:exception_snapshot_win.cc(99)] thread ID 5744 not found in process
[1122/182855.409:ERROR:process_reader_win.cc(123)] NtOpenThread: {Acesso negado} Um processo pediu acesso a um objeto, mas não lhe foram concedidos permissões de acesso. (0xc0000022)
[1122/182855.409:ERROR:exception_snapshot_win.cc(99)] thread ID 20064 not found in process
[1122/182951.066:ERROR:process_reader_win.cc(123)] NtOpenThread: {Acesso negado} Um processo pediu acesso a um objeto, mas não lhe foram concedidos permissões de acesso. (0xc0000022)
[1122/182951.067:ERROR:exception_snapshot_win.cc(99)] thread ID 24208 not found in process
[1122/182951.106:ERROR:process_reader_win.cc(123)] NtOpenThread: {Acesso negado} Um processo pediu acesso a um objeto, mas não lhe foram concedidos permissões de acesso. (0xc0000022)
[1122/182951.106:ERROR:exception_snapshot_win.cc(99)] thread ID 22792 not found in process
[1122/183440.436:ERROR:process_reader_win.cc(123)] NtOpenThread: {Acesso negado} Um processo pediu acesso a um objeto, mas não lhe foram concedidos permissões de acesso. (0xc0000022)
[1122/183440.437:ERROR:exception_snapshot_win.cc(99)] thread ID 21604 not found in process
[1122/183440.498:ERROR:process_reader_win.cc(123)] NtOpenThread: {Acesso negado} Um processo pediu acesso a um objeto, mas não lhe foram concedidos permissões de acesso. (0xc0000022)
[1122/183440.498:ERROR:exception_snapshot_win.cc(99)] thread ID 25432 not found in process
[1122/183652.077:ERROR:process_reader_win.cc(123)] NtOpenThread: {Acesso negado} Um processo pediu acesso a um objeto, mas não lhe foram concedidos permissões de acesso. (0xc0000022)
[1122/183652.077:ERROR:exception_snapshot_win.cc(99)] thread ID 24640 not found in process
[1122/183652.124:ERROR:process_reader_win.cc(123)] NtOpenThread: {Acesso negado} Um processo pediu acesso a um objeto, mas não lhe foram concedidos permissões de acesso. (0xc0000022)
[1122/183652.124:ERROR:exception_snapshot_win.cc(99)] thread ID 16568 not found in process
[1122/184503.989:ERROR:process_reader_win.cc(123)] NtOpenThread: {Acesso negado} Um processo pediu acesso a um objeto, mas não lhe foram concedidos permissões de acesso. (0xc0000022)
[1122/184503.991:ERROR:exception_snapshot_win.cc(99)] thread ID 27596 not found in process
[1122/184504.038:ERROR:process_reader_win.cc(123)] NtOpenThread: {Acesso negado} Um processo pediu acesso a um objeto, mas não lhe foram concedidos permissões de acesso. (0xc0000022)
[1122/184504.038:ERROR:exception_snapshot_win.cc(99)] thread ID 7400 not found in process
[1122/190052.412:ERROR:process_reader_win.cc(123)] NtOpenThread: {Acesso negado} Um processo pediu acesso a um objeto, mas não lhe foram concedidos permissões de acesso. (0xc0000022)
[1122/190052.413:ERROR:exception_snapshot_win.cc(99)] thread ID 25728 not found in process
[1122/190052.458:ERROR:process_reader_win.cc(123)] NtOpenThread: {Acesso negado} Um processo pediu acesso a um objeto, mas não lhe foram concedidos permissões de acesso. (0xc0000022)
[1122/190052.458:ERROR:exception_snapshot_win.cc(99)] thread ID 27640 not found in process
[1122/191056.118:ERROR:process_reader_win.cc(123)] NtOpenThread: {Acesso negado} Um processo pediu acesso a um objeto, mas não lhe foram concedidos permissões de acesso. (0xc0000022)
[1122/191056.119:ERROR:exception_snapshot_win.cc(99)] thread ID 9400 not found in process
[1122/191056.164:ERROR:process_reader_win.cc(123)] NtOpenThread: {Acesso negado} Um processo pediu acesso a um objeto, mas não lhe foram concedidos permissões de acesso. (0xc0000022)
[1122/191056.164:ERROR:exception_snapshot_win.cc(99)] thread ID 376 not found in process
[1122/191445.631:ERROR:process_reader_win.cc(123)] NtOpenThread: {Acesso negado} Um processo pediu acesso a um objeto, mas não lhe foram concedidos permissões de acesso. (0xc0000022)
[1122/191445.632:ERROR:exception_snapshot_win.cc(99)] thread ID 20288 not found in process
[1122/191445.674:ERROR:process_reader_win.cc(123)] NtOpenThread: {Acesso negado} Um processo pediu acesso a um objeto, mas não lhe foram concedidos permissões de acesso. (0xc0000022)
[1122/191445.674:ERROR:exception_snapshot_win.cc(99)] thread ID 25228 not found in process
[1124/221011.397:ERROR:process_reader_win.cc(123)] NtOpenThread: {Acesso negado} Um processo pediu acesso a um objeto, mas não lhe foram concedidos permissões de acesso. (0xc0000022)
[1124/221011.447:ERROR:exception_snapshot_win.cc(99)] thread ID 20868 not found in process
[1124/221011.501:ERROR:process_reader_win.cc(123)] NtOpenThread: {Acesso negado} Um processo pediu acesso a um objeto, mas não lhe foram concedidos permissões de acesso. (0xc0000022)
[1124/221011.501:ERROR:exception_snapshot_win.cc(99)] thread ID 22872 not found in process
[1124/221902.727:ERROR:process_reader_win.cc(123)] NtOpenThread: {Acesso negado} Um processo pediu acesso a um objeto, mas não lhe foram concedidos permissões de acesso. (0xc0000022)
[1124/221902.728:ERROR:exception_snapshot_win.cc(99)] thread ID 25584 not found in process
[1124/221902.745:ERROR:process_reader_win.cc(123)] NtOpenThread: {Acesso negado} Um processo pediu acesso a um objeto, mas não lhe foram concedidos permissões de acesso. (0xc0000022)
[1124/221902.745:ERROR:exception_snapshot_win.cc(99)] thread ID 17220 not found in process
[1124/221902.785:ERROR:process_reader_win.cc(123)] NtOpenThread: {Acesso negado} Um processo pediu acesso a um objeto, mas não lhe foram concedidos permissões de acesso. (0xc0000022)
[1124/221902.785:ERROR:exception_snapshot_win.cc(99)] thread ID 22488 not found in process
[1124/223207.395:ERROR:process_reader_win.cc(123)] NtOpenThread: {Acesso negado} Um processo pediu acesso a um objeto, mas não lhe foram concedidos permissões de acesso. (0xc0000022)
[1124/223207.397:ERROR:exception_snapshot_win.cc(99)] thread ID 25404 not found in process
[1124/223207.466:ERROR:process_reader_win.cc(123)] NtOpenThread: {Acesso negado} Um processo pediu acesso a um objeto, mas não lhe foram concedidos permissões de acesso. (0xc0000022)
[1124/223207.466:ERROR:exception_snapshot_win.cc(99)] thread ID 21208 not found in process
[1124/223531.121:ERROR:process_reader_win.cc(123)] NtOpenThread: {Acesso negado} Um processo pediu acesso a um objeto, mas não lhe foram concedidos permissões de acesso. (0xc0000022)
[1124/223531.123:ERROR:exception_snapshot_win.cc(99)] thread ID 19648 not found in process
[1124/223531.178:ERROR:process_reader_win.cc(123)] NtOpenThread: {Acesso negado} Um processo pediu acesso a um objeto, mas não lhe foram concedidos permissões de acesso. (0xc0000022)
[1124/223531.178:ERROR:exception_snapshot_win.cc(99)] thread ID 23092 not found in process
[1124/223855.514:ERROR:process_reader_win.cc(123)] NtOpenThread: {Acesso negado} Um processo pediu acesso a um objeto, mas não lhe foram concedidos permissões de acesso. (0xc0000022)
[1124/223855.516:ERROR:exception_snapshot_win.cc(99)] thread ID 2388 not found in process
[1124/223855.569:ERROR:process_reader_win.cc(123)] NtOpenThread: {Acesso negado} Um processo pediu acesso a um objeto, mas não lhe foram concedidos permissões de acesso. (0xc0000022)
[1124/223855.569:ERROR:exception_snapshot_win.cc(99)] thread ID 8348 not found in process
[1124/224040.364:ERROR:process_reader_win.cc(123)] NtOpenThread: {Acesso negado} Um processo pediu acesso a um objeto, mas não lhe foram concedidos permissões de acesso. (0xc0000022)
[1124/224040.365:ERROR:exception_snapshot_win.cc(99)] thread ID 14004 not found in process
[1124/224040.405:ERROR:process_reader_win.cc(123)] NtOpenThread: {Acesso negado} Um processo pediu acesso a um objeto, mas não lhe foram concedidos permissões de acesso. (0xc0000022)
[1124/224040.405:ERROR:exception_snapshot_win.cc(99)] thread ID 22244 not found in process
[1124/224739.155:ERROR:process_reader_win.cc(123)] NtOpenThread: {Acesso negado} Um processo pediu acesso a um objeto, mas não lhe foram concedidos permissões de acesso. (0xc0000022)
[1124/224739.158:ERROR:exception_snapshot_win.cc(99)] thread ID 23864 not found in process
[1124/224739.230:ERROR:process_reader_win.cc(123)] NtOpenThread: {Acesso negado} Um processo pediu acesso a um objeto, mas não lhe foram concedidos permissões de acesso. (0xc0000022)
[1124/224739.230:ERROR:exception_snapshot_win.cc(99)] thread ID 25780 not found in process
[1124/224930.585:ERROR:process_reader_win.cc(123)] NtOpenThread: {Acesso negado} Um processo pediu acesso a um objeto, mas não lhe foram concedidos permissões de acesso. (0xc0000022)
[1124/224930.587:ERROR:exception_snapshot_win.cc(99)] thread ID 10448 not found in process
[1124/224930.635:ERROR:process_reader_win.cc(123)] NtOpenThread: {Acesso negado} Um processo pediu acesso a um objeto, mas não lhe foram concedidos permissões de acesso. (0xc0000022)
[1124/224930.635:ERROR:exception_snapshot_win.cc(99)] thread ID 5912 not found in process
[1124/225356.269:ERROR:process_reader_win.cc(123)] NtOpenThread: {Acesso negado} Um processo pediu acesso a um objeto, mas não lhe foram concedidos permissões de acesso. (0xc0000022)
[1124/225356.272:ERROR:exception_snapshot_win.cc(99)] thread ID 25016 not found in process
[1124/225356.333:ERROR:process_reader_win.cc(123)] NtOpenThread: {Acesso negado} Um processo pediu acesso a um objeto, mas não lhe foram concedidos permissões de acesso. (0xc0000022)
[1124/225356.333:ERROR:exception_snapshot_win.cc(99)] thread ID 20360 not found in process
[1124/225920.157:ERROR:process_reader_win.cc(123)] NtOpenThread: {Acesso negado} Um processo pediu acesso a um objeto, mas não lhe foram concedidos permissões de acesso. (0xc0000022)
[1124/225920.159:ERROR:exception_snapshot_win.cc(99)] thread ID 440 not found in process
[1124/225920.225:ERROR:process_reader_win.cc(123)] NtOpenThread: {Acesso negado} Um processo pediu acesso a um objeto, mas não lhe foram concedidos permissões de acesso. (0xc0000022)
[1124/225920.225:ERROR:exception_snapshot_win.cc(99)] thread ID 26532 not found in process
